2025-03-10 00:58:25,862 - main - INFO - Starting the Data Engineering Pipeline...
2025-03-10 00:58:29,447 - main - INFO - Pipeline Completed Successfully!
2025-03-10 01:00:07,507 - main - INFO - Starting the Data Engineering Pipeline...
2025-03-10 01:00:13,403 - main - INFO - Pipeline Completed Successfully!
2025-03-10 01:18:12,066 - main - INFO - Starting the Data Engineering Pipeline...
2025-03-10 01:18:18,281 - main - INFO - Successfully read 3 records from data/sample.csv
2025-03-10 01:18:18,383 - main - ERROR - Pipeline execution failed: 'DatabaseHandler' object has no attribute 'write_data_from_dataframe'
Traceback (most recent call last):
  File "/Users/siddharthamahakur/PycharmProjects/SparkETLMaster/main.py", line 30, in run_pipeline
    db_handler.write_data_from_dataframe(df_transformed)
AttributeError: 'DatabaseHandler' object has no attribute 'write_data_from_dataframe'
2025-03-10 01:21:02,584 - main - INFO - Starting the Data Engineering Pipeline...
2025-03-10 01:21:08,838 - main - INFO - Successfully read 3 records from data/sample.csv
2025-03-10 01:21:08,950 - main - INFO - Pipeline Completed Successfully!
2025-03-10 01:36:23,781 - main - INFO - Starting the Data Engineering Pipeline...
2025-03-10 01:36:30,052 - main - INFO - Successfully read 3 records from data/sample.csv
2025-03-10 01:36:30,712 - main - INFO - Pipeline Completed Successfully!
2025-03-10 01:38:25,858 - main - INFO - Starting the Data Engineering Pipeline...
2025-03-10 01:38:32,060 - main - INFO - Successfully read 3 records from data/sample.csv
2025-03-10 01:38:32,568 - main - INFO - Pipeline Completed Successfully!
2025-03-10 01:41:23,540 - main - INFO - Starting the Data Engineering Pipeline...
2025-03-10 01:41:29,895 - main - INFO - Successfully read 3 records from data/sample.csv
2025-03-10 01:41:30,479 - main - INFO - Pipeline Completed Successfully!
2025-03-10 01:43:22,824 - main - INFO - Starting the Data Engineering Pipeline...
2025-03-10 01:43:28,933 - main - INFO - Successfully read 3 records from data/sample.csv
2025-03-10 01:43:28,938 - main - INFO - Pipeline Completed Successfully!
2025-03-10 01:44:04,520 - main - INFO - Starting the Data Engineering Pipeline...
2025-03-10 01:44:10,570 - main - INFO - Successfully read 3 records from data/sample.csv
2025-03-10 01:44:10,575 - main - INFO - Pipeline Completed Successfully!
2025-03-10 01:45:34,319 - main - INFO - Starting the Data Engineering Pipeline...
2025-03-10 01:45:40,417 - main - INFO - Successfully read 3 records from data/sample.csv
2025-03-10 01:45:41,010 - main - INFO - Pipeline Completed Successfully!
2025-03-10 01:46:56,901 - main - INFO - Starting the Data Engineering Pipeline...
2025-03-10 01:47:03,127 - main - INFO - Successfully read 3 records from data/sample.csv
2025-03-10 01:47:03,700 - main - INFO - Pipeline Completed Successfully!
